Arguments: 
  /usr/local/bin/node /usr/local/bin/yarn add --dev parcel@next

PATH: 
  /usr/local/bin:/usr/bin:/bin:/usr/sbin:/sbin

Yarn version: 
  1.22.10

Node version: 
  14.7.0

Platform: 
  darwin x64

Trace: 
  Error: http://192.168.57.7:4873/@parcel%2futils/-/utils-2.0.0-beta.1.tgz: Request failed "500 Internal Server Error"
      at ResponseError.ExtendableBuiltin (/usr/local/lib/node_modules/yarn/lib/cli.js:696:66)
      at new ResponseError (/usr/local/lib/node_modules/yarn/lib/cli.js:802:124)
      at Request.<anonymous> (/usr/local/lib/node_modules/yarn/lib/cli.js:67058:16)
      at Request.emit (events.js:314:20)
      at Request.module.exports.Request.onRequestResponse (/usr/local/lib/node_modules/yarn/lib/cli.js:141539:10)
      at ClientRequest.emit (events.js:314:20)
      at HTTPParser.parserOnIncomingClient (_http_client.js:640:27)
      at HTTPParser.parserOnHeadersComplete (_http_common.js:119:17)
      at Socket.socketOnData (_http_client.js:509:22)
      at Socket.emit (events.js:314:20)

npm manifest: 
  {
    "name": "ts-web",
    "version": "1.0.0",
    "description": "",
    "main": "index.js",
    "scripts": {
      "test": "parcel ./index.html"
    },
    "keywords": [],
    "author": "",
    "license": "ISC"
  }

yarn manifest: 
  No manifest

Lockfile: 
  No lockfile
